Using pre-set license
Built from '2020.3/release' branch; Version is '2020.3.7f1 (dd97f2c94397) revision 14522354'; Using compiler version '192528614'; Build Type 'Release'
OS: 'Windows 10 Pro; OS build 19042.985; Version 2009; 64bit' Language: 'ja' Physical Memory: 7782 MB
BatchMode: 1, IsHumanControllingUs: 0, StartBugReporterOnCrash: 0, Is64bit: 1, IsPro: 0

 COMMAND LINE ARGUMENTS:
C:\Program Files\Unity\Hub\Editor\2020.3.7f1\Editor\Unity.exe
-adb2
-batchMode
-noUpm
-name
AssetImportWorker0
-projectPath
C:/Users/admin/HelenezWar
-logFile
Logs/AssetImportWorker0.log
-srvPort
57650
Successfully changed project path to: C:/Users/admin/HelenezWar
C:/Users/admin/HelenezWar
Using Asset Import Pipeline V2.
Refreshing native plugins compatible for Editor in 120.14 ms, found 1 plugins.
Preloading 0 native plugins for Editor in 0.00 ms.
Initialize engine version: 2020.3.7f1 (dd97f2c94397)
[Subsystems] Discovering subsystems at path C:/Program Files/Unity/Hub/Editor/2020.3.7f1/Editor/Data/Resources/UnitySubsystems
[Subsystems] Discovering subsystems at path C:/Users/admin/HelenezWar/Assets
GfxDevice: creating device client; threaded=0
Direct3D:
    Version:  Direct3D 11.0 [level 11.1]
    Renderer: Intel(R) UHD Graphics (ID=0x8a56)
    Vendor:   
    VRAM:     3891 MB
    Driver:   27.20.100.9168
Initialize mono
Mono path[0] = 'C:/Program Files/Unity/Hub/Editor/2020.3.7f1/Editor/Data/Managed'
Mono path[1] = 'C:/Program Files/Unity/Hub/Editor/2020.3.7f1/Editor/Data/MonoBleedingEdge/lib/mono/unityjit'
Mono config path = 'C:/Program Files/Unity/Hub/Editor/2020.3.7f1/Editor/Data/MonoBleedingEdge/etc'
Using monoOptions --debugger-agent=transport=dt_socket,embedding=1,server=y,suspend=n,address=127.0.0.1:56412
Begin MonoManager ReloadAssembly
Registering precompiled unity dll's ...
Register platform support module: C:/Program Files/Unity/Hub/Editor/2020.3.7f1/Editor/Data/PlaybackEngines/WindowsStandaloneSupport/UnityEditor.WindowsStandalone.Extensions.dll
Registered in 0.009698 seconds.
Native extension for WindowsStandalone target not found
Refreshing native plugins compatible for Editor in 135.65 ms, found 1 plugins.
Preloading 0 native plugins for Editor in 0.00 ms.
Mono: successfully reloaded assembly
- Completed reload, in  7.109 seconds
Platform modules already initialized, skipping
Registering precompiled user dll's ...
Registered in 0.007480 seconds.
Begin MonoManager ReloadAssembly
Native extension for WindowsStandalone target not found
Refreshing native plugins compatible for Editor in 127.88 ms, found 1 plugins.
Preloading 0 native plugins for Editor in 0.00 ms.
Mono: successfully reloaded assembly
- Completed reload, in  3.679 seconds
Platform modules already initialized, skipping
========================================================================
Worker process is ready to serve import requests
Launched and connected shader compiler UnityShaderCompiler.exe after 0.25 seconds
Refreshing native plugins compatible for Editor in 1.11 ms, found 1 plugins.
Preloading 0 native plugins for Editor in 0.00 ms.
Unloading 1808 Unused Serialized files (Serialized files now loaded: 0)
System memory in use before: 87.5 MB.
System memory in use after: 87.5 MB.

Unloading 24 unused Assets to reduce memory usage. Loaded Objects now: 2250.
Total: 6.524300 ms (FindLiveObjects: 0.557000 ms CreateObjectMapping: 0.229800 ms MarkObjects: 5.397200 ms  DeleteObjects: 0.335800 ms)

========================================================================
Received Import Request.
  path: Assets
  artifactKey: Guid(00000000000000001000000000000000) Importer(815301076,1909f56bfc062723c751e8b465ee728b)
Start importing Assets using Guid(00000000000000001000000000000000) Importer(815301076,1909f56bfc062723c751e8b465ee728b)  -> (artifact id: '5f6a1853b736837ecfb0820a881449cb') in 0.023156 seconds
  Import took 0.040690 seconds .

========================================================================
Received Import Request.
  Time since last request: 23.218499 seconds.
  path: Assets/DSC_0116.JPG
  artifactKey: Guid(a9d13f5bcb1855c459bb863db82a29f0) Importer(815301076,1909f56bfc062723c751e8b465ee728b)
Start importing Assets/DSC_0116.JPG using Guid(a9d13f5bcb1855c459bb863db82a29f0) Importer(815301076,1909f56bfc062723c751e8b465ee728b)  -> (artifact id: 'f9d5f78a00ff942acf731b36f417de6b') in 0.434041 seconds
  Import took 0.441415 seconds .

========================================================================
Received Import Request.
  Time since last request: 0.001321 seconds.
  path: Assets/DSC_0116.JPG
  artifactKey: Guid(a9d13f5bcb1855c459bb863db82a29f0) Importer(815301076,1909f56bfc062723c751e8b465ee728b)
Start importing Assets/DSC_0116.JPG using Guid(a9d13f5bcb1855c459bb863db82a29f0) Importer(815301076,1909f56bfc062723c751e8b465ee728b)  -> (artifact id: 'f9d5f78a00ff942acf731b36f417de6b') in 0.042165 seconds
  Import took 0.050386 seconds .

========================================================================
Received Import Request.
  Time since last request: 78.845565 seconds.
  path: Assets/GameManeger.cs
  artifactKey: Guid(ef01b94c959cdcb4aa218deaf71fa79a) Importer(815301076,1909f56bfc062723c751e8b465ee728b)
Start importing Assets/GameManeger.cs using Guid(ef01b94c959cdcb4aa218deaf71fa79a) Importer(815301076,1909f56bfc062723c751e8b465ee728b)  -> (artifact id: '470cde1d53c9e59a4ce46f52d93602c1') in 0.032788 seconds
  Import took 0.044733 seconds .

========================================================================
Received Import Request.
  Time since last request: 0.002184 seconds.
  path: Assets/GameManeger.cs
  artifactKey: Guid(ef01b94c959cdcb4aa218deaf71fa79a) Importer(815301076,1909f56bfc062723c751e8b465ee728b)
Start importing Assets/GameManeger.cs using Guid(ef01b94c959cdcb4aa218deaf71fa79a) Importer(815301076,1909f56bfc062723c751e8b465ee728b)  -> (artifact id: '470cde1d53c9e59a4ce46f52d93602c1') in 0.016363 seconds
  Import took 0.024864 seconds .

========================================================================
Received Prepare
Registering precompiled user dll's ...
Registered in 0.006439 seconds.
Begin MonoManager ReloadAssembly
Native extension for WindowsStandalone target not found
Refreshing native plugins compatible for Editor in 0.81 ms, found 1 plugins.
Preloading 0 native plugins for Editor in 0.00 ms.
Mono: successfully reloaded assembly
- Completed reload, in  2.870 seconds
Platform modules already initialized, skipping
Refreshing native plugins compatible for Editor in 0.75 ms, found 1 plugins.
Preloading 0 native plugins for Editor in 0.00 ms.
Unloading 1804 Unused Serialized files (Serialized files now loaded: 0)
System memory in use before: 90.6 MB.
System memory in use after: 90.6 MB.

Unloading 12 unused Assets to reduce memory usage. Loaded Objects now: 2261.
Total: 5.311000 ms (FindLiveObjects: 0.323700 ms CreateObjectMapping: 0.111700 ms MarkObjects: 4.555600 ms  DeleteObjects: 0.317200 ms)

========================================================================
Received Prepare
Registering precompiled user dll's ...
Registered in 0.006646 seconds.
Begin MonoManager ReloadAssembly
Native extension for WindowsStandalone target not found
Refreshing native plugins compatible for Editor in 0.76 ms, found 1 plugins.
Preloading 0 native plugins for Editor in 0.00 ms.
Mono: successfully reloaded assembly
- Completed reload, in  2.912 seconds
Platform modules already initialized, skipping
Refreshing native plugins compatible for Editor in 0.91 ms, found 1 plugins.
Preloading 0 native plugins for Editor in 0.00 ms.
Unloading 1803 Unused Serialized files (Serialized files now loaded: 0)
System memory in use before: 90.6 MB.
System memory in use after: 90.6 MB.

Unloading 13 unused Assets to reduce memory usage. Loaded Objects now: 2264.
Total: 6.033600 ms (FindLiveObjects: 0.750100 ms CreateObjectMapping: 0.225600 ms MarkObjects: 4.767000 ms  DeleteObjects: 0.285900 ms)

========================================================================
Received Import Request.
  Time since last request: 33.573256 seconds.
  path: Assets/GameManager.cs
  artifactKey: Guid(7301c2d6fe2ef9e40896d5441941b97a) Importer(815301076,1909f56bfc062723c751e8b465ee728b)
Start importing Assets/GameManager.cs using Guid(7301c2d6fe2ef9e40896d5441941b97a) Importer(815301076,1909f56bfc062723c751e8b465ee728b)  -> (artifact id: '5276c11eb5fe2b67a186d2aa1f1cf17b') in 0.021363 seconds
  Import took 0.030430 seconds .

========================================================================
Received Prepare
Registering precompiled user dll's ...
Registered in 0.006177 seconds.
Begin MonoManager ReloadAssembly
Native extension for WindowsStandalone target not found
Refreshing native plugins compatible for Editor in 0.99 ms, found 1 plugins.
Preloading 0 native plugins for Editor in 0.00 ms.
Mono: successfully reloaded assembly
- Completed reload, in  2.948 seconds
Platform modules already initialized, skipping
Refreshing native plugins compatible for Editor in 0.79 ms, found 1 plugins.
Preloading 0 native plugins for Editor in 0.00 ms.
Unloading 1804 Unused Serialized files (Serialized files now loaded: 0)
System memory in use before: 90.7 MB.
System memory in use after: 90.6 MB.

Unloading 12 unused Assets to reduce memory usage. Loaded Objects now: 2269.
Total: 7.079000 ms (FindLiveObjects: 0.612600 ms CreateObjectMapping: 0.277800 ms MarkObjects: 5.819200 ms  DeleteObjects: 0.365800 ms)

========================================================================
Received Import Request.
  Time since last request: 15.912659 seconds.
  path: Assets/Myclass.cs
  artifactKey: Guid(e3a596099c76fbc49b2493115c5c64d4) Importer(815301076,1909f56bfc062723c751e8b465ee728b)
Start importing Assets/Myclass.cs using Guid(e3a596099c76fbc49b2493115c5c64d4) Importer(815301076,1909f56bfc062723c751e8b465ee728b)  -> (artifact id: '632dbb59ebbdbbd00fd2f45374c4e017') in 0.025367 seconds
  Import took 0.037834 seconds .

========================================================================
Received Import Request.
  Time since last request: 0.000905 seconds.
  path: Assets/Myclass.cs
  artifactKey: Guid(e3a596099c76fbc49b2493115c5c64d4) Importer(815301076,1909f56bfc062723c751e8b465ee728b)
Start importing Assets/Myclass.cs using Guid(e3a596099c76fbc49b2493115c5c64d4) Importer(815301076,1909f56bfc062723c751e8b465ee728b)  -> (artifact id: '632dbb59ebbdbbd00fd2f45374c4e017') in 0.015514 seconds
  Import took 0.023511 seconds .

========================================================================
Received Prepare
Registering precompiled user dll's ...
Registered in 0.006280 seconds.
Begin MonoManager ReloadAssembly
Native extension for WindowsStandalone target not found
Refreshing native plugins compatible for Editor in 0.79 ms, found 1 plugins.
Preloading 0 native plugins for Editor in 0.00 ms.
Mono: successfully reloaded assembly
- Completed reload, in  2.963 seconds
Platform modules already initialized, skipping
Refreshing native plugins compatible for Editor in 0.87 ms, found 1 plugins.
Preloading 0 native plugins for Editor in 0.00 ms.
Unloading 1805 Unused Serialized files (Serialized files now loaded: 0)
System memory in use before: 90.7 MB.
System memory in use after: 90.7 MB.

Unloading 12 unused Assets to reduce memory usage. Loaded Objects now: 2274.
Total: 6.109700 ms (FindLiveObjects: 0.525200 ms CreateObjectMapping: 0.166100 ms MarkObjects: 5.100200 ms  DeleteObjects: 0.314100 ms)

========================================================================
Received Import Request.
  Time since last request: 30.880443 seconds.
  path: Assets/SingletonMonoBehaviour.cs
  artifactKey: Guid(1bcb05e953374fd4ebb3afa31163850c) Importer(815301076,1909f56bfc062723c751e8b465ee728b)
Start importing Assets/SingletonMonoBehaviour.cs using Guid(1bcb05e953374fd4ebb3afa31163850c) Importer(815301076,1909f56bfc062723c751e8b465ee728b)  -> (artifact id: '6b56abde820fb2a96182e08789a8f7a7') in 0.031888 seconds
  Import took 0.050070 seconds .

========================================================================
Received Prepare
Registering precompiled user dll's ...
Registered in 0.006418 seconds.
Begin MonoManager ReloadAssembly
Native extension for WindowsStandalone target not found
Refreshing native plugins compatible for Editor in 0.88 ms, found 1 plugins.
Preloading 0 native plugins for Editor in 0.00 ms.
Mono: successfully reloaded assembly
- Completed reload, in  2.969 seconds
Platform modules already initialized, skipping
Refreshing native plugins compatible for Editor in 1.05 ms, found 1 plugins.
Preloading 0 native plugins for Editor in 0.00 ms.
Unloading 1806 Unused Serialized files (Serialized files now loaded: 0)
System memory in use before: 90.7 MB.
System memory in use after: 90.7 MB.

Unloading 12 unused Assets to reduce memory usage. Loaded Objects now: 2279.
Total: 6.381500 ms (FindLiveObjects: 0.485200 ms CreateObjectMapping: 0.260600 ms MarkObjects: 5.313700 ms  DeleteObjects: 0.317100 ms)

========================================================================
Received Import Request.
  Time since last request: 23.457140 seconds.
  path: Assets/DSC_0150.JPG
  artifactKey: Guid(fc839148a48f7774bafdcad4550a518b) Importer(815301076,1909f56bfc062723c751e8b465ee728b)
Start importing Assets/DSC_0150.JPG using Guid(fc839148a48f7774bafdcad4550a518b) Importer(815301076,1909f56bfc062723c751e8b465ee728b)  -> (artifact id: '67665410a8864eab903a1c5f2b570364') in 0.185522 seconds
  Import took 0.194795 seconds .

========================================================================
Received Prepare
Registering precompiled user dll's ...
Registered in 0.005896 seconds.
Begin MonoManager ReloadAssembly
Native extension for WindowsStandalone target not found
Refreshing native plugins compatible for Editor in 0.84 ms, found 1 plugins.
Preloading 0 native plugins for Editor in 0.00 ms.
Mono: successfully reloaded assembly
- Completed reload, in  3.197 seconds
Platform modules already initialized, skipping
Refreshing native plugins compatible for Editor in 0.79 ms, found 1 plugins.
Preloading 0 native plugins for Editor in 0.00 ms.
Unloading 1806 Unused Serialized files (Serialized files now loaded: 0)
System memory in use before: 90.8 MB.
System memory in use after: 90.7 MB.

Unloading 12 unused Assets to reduce memory usage. Loaded Objects now: 2286.
Total: 5.196900 ms (FindLiveObjects: 0.505800 ms CreateObjectMapping: 0.270000 ms MarkObjects: 4.087900 ms  DeleteObjects: 0.328900 ms)

========================================================================
Received Import Request.
  Time since last request: 90.287365 seconds.
  path: Assets/SingletonMonoBehaviour.cs
  artifactKey: Guid(1bcb05e953374fd4ebb3afa31163850c) Importer(815301076,1909f56bfc062723c751e8b465ee728b)
Start importing Assets/SingletonMonoBehaviour.cs using Guid(1bcb05e953374fd4ebb3afa31163850c) Importer(815301076,1909f56bfc062723c751e8b465ee728b)  -> (artifact id: '77aba69dcfe285d6a390e180b5b0f608') in 0.023270 seconds
  Import took 0.033946 seconds .

========================================================================
Received Import Request.
  Time since last request: 25.143120 seconds.
  path: Assets/Myclass.cs
  artifactKey: Guid(e3a596099c76fbc49b2493115c5c64d4) Importer(815301076,1909f56bfc062723c751e8b465ee728b)
Start importing Assets/Myclass.cs using Guid(e3a596099c76fbc49b2493115c5c64d4) Importer(815301076,1909f56bfc062723c751e8b465ee728b)  -> (artifact id: '37ccec0b741f41407fd6427a6c91c0f9') in 0.017767 seconds
  Import took 0.027547 seconds .

========================================================================
Received Prepare
Registering precompiled user dll's ...
Registered in 0.006376 seconds.
Begin MonoManager ReloadAssembly
Native extension for WindowsStandalone target not found
Refreshing native plugins compatible for Editor in 0.74 ms, found 1 plugins.
Preloading 0 native plugins for Editor in 0.00 ms.
Mono: successfully reloaded assembly
- Completed reload, in  2.839 seconds
Platform modules already initialized, skipping
Refreshing native plugins compatible for Editor in 0.99 ms, found 1 plugins.
Preloading 0 native plugins for Editor in 0.00 ms.
Unloading 1806 Unused Serialized files (Serialized files now loaded: 0)
System memory in use before: 90.8 MB.
System memory in use after: 90.8 MB.

Unloading 12 unused Assets to reduce memory usage. Loaded Objects now: 2290.
Total: 4.256700 ms (FindLiveObjects: 0.482600 ms CreateObjectMapping: 0.139800 ms MarkObjects: 3.398700 ms  DeleteObjects: 0.233200 ms)

========================================================================
Received Import Request.
  Time since last request: 237.995414 seconds.
  path: Assets/MyClass.cs
  artifactKey: Guid(e3a596099c76fbc49b2493115c5c64d4) Importer(815301076,1909f56bfc062723c751e8b465ee728b)
Start importing Assets/MyClass.cs using Guid(e3a596099c76fbc49b2493115c5c64d4) Importer(815301076,1909f56bfc062723c751e8b465ee728b)  -> (artifact id: '1ebcd4dc9bf385a81af6169bff7913d5') in 0.024715 seconds
  Import took 0.039913 seconds .

========================================================================
Received Prepare
Registering precompiled user dll's ...
Registered in 0.006222 seconds.
Begin MonoManager ReloadAssembly
Native extension for WindowsStandalone target not found
Refreshing native plugins compatible for Editor in 0.80 ms, found 1 plugins.
Preloading 0 native plugins for Editor in 0.00 ms.
Mono: successfully reloaded assembly
- Completed reload, in  2.817 seconds
Platform modules already initialized, skipping
Refreshing native plugins compatible for Editor in 1.11 ms, found 1 plugins.
Preloading 0 native plugins for Editor in 0.00 ms.
Unloading 1806 Unused Serialized files (Serialized files now loaded: 0)
System memory in use before: 90.8 MB.
System memory in use after: 90.8 MB.

Unloading 12 unused Assets to reduce memory usage. Loaded Objects now: 2294.
Total: 5.207400 ms (FindLiveObjects: 0.346500 ms CreateObjectMapping: 0.153500 ms MarkObjects: 4.402800 ms  DeleteObjects: 0.301200 ms)

========================================================================
Received Prepare
Registering precompiled user dll's ...
Registered in 0.005755 seconds.
Begin MonoManager ReloadAssembly
Native extension for WindowsStandalone target not found
Refreshing native plugins compatible for Editor in 1.39 ms, found 1 plugins.
Preloading 0 native plugins for Editor in 0.00 ms.
Mono: successfully reloaded assembly
- Completed reload, in  2.745 seconds
Platform modules already initialized, skipping
Refreshing native plugins compatible for Editor in 1.15 ms, found 1 plugins.
Preloading 0 native plugins for Editor in 0.00 ms.
Unloading 1806 Unused Serialized files (Serialized files now loaded: 0)
System memory in use before: 90.8 MB.
System memory in use after: 90.8 MB.

Unloading 12 unused Assets to reduce memory usage. Loaded Objects now: 2298.
Total: 5.387500 ms (FindLiveObjects: 0.329800 ms CreateObjectMapping: 0.187100 ms MarkObjects: 4.564200 ms  DeleteObjects: 0.302000 ms)

========================================================================
Received Prepare
Registering precompiled user dll's ...
Registered in 0.004739 seconds.
Begin MonoManager ReloadAssembly
Native extension for WindowsStandalone target not found
Refreshing native plugins compatible for Editor in 0.75 ms, found 1 plugins.
Preloading 0 native plugins for Editor in 0.00 ms.
Mono: successfully reloaded assembly
- Completed reload, in  2.767 seconds
Platform modules already initialized, skipping
Refreshing native plugins compatible for Editor in 0.82 ms, found 1 plugins.
Preloading 0 native plugins for Editor in 0.00 ms.
Unloading 1806 Unused Serialized files (Serialized files now loaded: 0)
System memory in use before: 90.8 MB.
System memory in use after: 90.8 MB.

Unloading 12 unused Assets to reduce memory usage. Loaded Objects now: 2302.
Total: 5.287800 ms (FindLiveObjects: 0.452700 ms CreateObjectMapping: 0.149800 ms MarkObjects: 4.391400 ms  DeleteObjects: 0.290700 ms)

========================================================================
Received Prepare
Registering precompiled user dll's ...
Registered in 0.005334 seconds.
Begin MonoManager ReloadAssembly
Native extension for WindowsStandalone target not found
Refreshing native plugins compatible for Editor in 0.80 ms, found 1 plugins.
Preloading 0 native plugins for Editor in 0.00 ms.
Mono: successfully reloaded assembly
- Completed reload, in  2.776 seconds
Platform modules already initialized, skipping
Refreshing native plugins compatible for Editor in 0.92 ms, found 1 plugins.
Preloading 0 native plugins for Editor in 0.00 ms.
Unloading 1805 Unused Serialized files (Serialized files now loaded: 0)
System memory in use before: 90.8 MB.
System memory in use after: 90.8 MB.

Unloading 13 unused Assets to reduce memory usage. Loaded Objects now: 2305.
Total: 5.994400 ms (FindLiveObjects: 0.398100 ms CreateObjectMapping: 0.155000 ms MarkObjects: 5.146000 ms  DeleteObjects: 0.290900 ms)

========================================================================
Received Import Request.
  Time since last request: 176.303808 seconds.
  path: Assets/MyClass.cs
  artifactKey: Guid(e3a596099c76fbc49b2493115c5c64d4) Importer(815301076,1909f56bfc062723c751e8b465ee728b)
Start importing Assets/MyClass.cs using Guid(e3a596099c76fbc49b2493115c5c64d4) Importer(815301076,1909f56bfc062723c751e8b465ee728b)  -> (artifact id: '1bd6b30c1981bad8c09f47a88c3a3e66') in 0.025239 seconds
  Import took 0.040684 seconds .

========================================================================
Received Prepare
Registering precompiled user dll's ...
Registered in 0.004992 seconds.
Begin MonoManager ReloadAssembly
Native extension for WindowsStandalone target not found
Refreshing native plugins compatible for Editor in 0.81 ms, found 1 plugins.
Preloading 0 native plugins for Editor in 0.00 ms.
Mono: successfully reloaded assembly
- Completed reload, in  3.042 seconds
Platform modules already initialized, skipping
Refreshing native plugins compatible for Editor in 1.33 ms, found 1 plugins.
Preloading 0 native plugins for Editor in 0.00 ms.
Unloading 1806 Unused Serialized files (Serialized files now loaded: 0)
System memory in use before: 90.8 MB.
System memory in use after: 90.8 MB.

Unloading 12 unused Assets to reduce memory usage. Loaded Objects now: 2310.
Total: 5.595300 ms (FindLiveObjects: 0.579700 ms CreateObjectMapping: 0.262000 ms MarkObjects: 4.379500 ms  DeleteObjects: 0.370500 ms)

========================================================================
Received Prepare
Registering precompiled user dll's ...
Registered in 0.004817 seconds.
Begin MonoManager ReloadAssembly
Native extension for WindowsStandalone target not found
Refreshing native plugins compatible for Editor in 0.87 ms, found 1 plugins.
Preloading 0 native plugins for Editor in 0.00 ms.
Mono: successfully reloaded assembly
- Completed reload, in  2.986 seconds
Platform modules already initialized, skipping
Refreshing native plugins compatible for Editor in 0.82 ms, found 1 plugins.
Preloading 0 native plugins for Editor in 0.00 ms.
Unloading 1806 Unused Serialized files (Serialized files now loaded: 0)
System memory in use before: 90.8 MB.
System memory in use after: 90.8 MB.

Unloading 12 unused Assets to reduce memory usage. Loaded Objects now: 2314.
Total: 5.732100 ms (FindLiveObjects: 0.451800 ms CreateObjectMapping: 0.154700 ms MarkObjects: 4.815000 ms  DeleteObjects: 0.307500 ms)

========================================================================
Received Prepare
Registering precompiled user dll's ...
Registered in 0.005860 seconds.
Begin MonoManager ReloadAssembly
Native extension for WindowsStandalone target not found
Refreshing native plugins compatible for Editor in 0.92 ms, found 1 plugins.
Preloading 0 native plugins for Editor in 0.00 ms.
Mono: successfully reloaded assembly
- Completed reload, in  3.107 seconds
Platform modules already initialized, skipping
Refreshing native plugins compatible for Editor in 0.80 ms, found 1 plugins.
Preloading 0 native plugins for Editor in 0.00 ms.
Unloading 1806 Unused Serialized files (Serialized files now loaded: 0)
System memory in use before: 90.8 MB.
System memory in use after: 90.8 MB.

Unloading 12 unused Assets to reduce memory usage. Loaded Objects now: 2318.
Total: 6.903200 ms (FindLiveObjects: 0.591400 ms CreateObjectMapping: 0.230600 ms MarkObjects: 5.701500 ms  DeleteObjects: 0.374900 ms)

========================================================================
Received Prepare
Registering precompiled user dll's ...
Registered in 0.003755 seconds.
Begin MonoManager ReloadAssembly
Native extension for WindowsStandalone target not found
Refreshing native plugins compatible for Editor in 0.76 ms, found 1 plugins.
Preloading 0 native plugins for Editor in 0.00 ms.
Mono: successfully reloaded assembly
- Completed reload, in  2.658 seconds
Platform modules already initialized, skipping
Refreshing native plugins compatible for Editor in 0.82 ms, found 1 plugins.
Preloading 0 native plugins for Editor in 0.00 ms.
Unloading 1806 Unused Serialized files (Serialized files now loaded: 0)
System memory in use before: 90.8 MB.
System memory in use after: 90.8 MB.

Unloading 12 unused Assets to reduce memory usage. Loaded Objects now: 2322.
Total: 5.562800 ms (FindLiveObjects: 0.325800 ms CreateObjectMapping: 0.143700 ms MarkObjects: 4.783800 ms  DeleteObjects: 0.306100 ms)

========================================================================
Received Prepare
Registering precompiled user dll's ...
Registered in 0.005299 seconds.
Begin MonoManager ReloadAssembly
Native extension for WindowsStandalone target not found
Refreshing native plugins compatible for Editor in 0.77 ms, found 1 plugins.
Preloading 0 native plugins for Editor in 0.00 ms.
Mono: successfully reloaded assembly
- Completed reload, in  2.774 seconds
Platform modules already initialized, skipping
Refreshing native plugins compatible for Editor in 0.79 ms, found 1 plugins.
Preloading 0 native plugins for Editor in 0.00 ms.
Unloading 1806 Unused Serialized files (Serialized files now loaded: 0)
System memory in use before: 90.9 MB.
System memory in use after: 90.8 MB.

Unloading 12 unused Assets to reduce memory usage. Loaded Objects now: 2326.
Total: 5.433700 ms (FindLiveObjects: 0.379700 ms CreateObjectMapping: 0.145000 ms MarkObjects: 4.582000 ms  DeleteObjects: 0.323000 ms)

========================================================================
Received Prepare
Registering precompiled user dll's ...
Registered in 0.004526 seconds.
Begin MonoManager ReloadAssembly
Native extension for WindowsStandalone target not found
Refreshing native plugins compatible for Editor in 0.78 ms, found 1 plugins.
Preloading 0 native plugins for Editor in 0.00 ms.
Mono: successfully reloaded assembly
- Completed reload, in  2.711 seconds
Platform modules already initialized, skipping
Refreshing native plugins compatible for Editor in 0.75 ms, found 1 plugins.
Preloading 0 native plugins for Editor in 0.00 ms.
Unloading 1806 Unused Serialized files (Serialized files now loaded: 0)
System memory in use before: 90.9 MB.
System memory in use after: 90.8 MB.

Unloading 12 unused Assets to reduce memory usage. Loaded Objects now: 2330.
Total: 5.242300 ms (FindLiveObjects: 0.412500 ms CreateObjectMapping: 0.141400 ms MarkObjects: 4.402300 ms  DeleteObjects: 0.282300 ms)

========================================================================
Received Prepare
Registering precompiled user dll's ...
Registered in 0.004921 seconds.
Begin MonoManager ReloadAssembly
Native extension for WindowsStandalone target not found
Refreshing native plugins compatible for Editor in 0.80 ms, found 1 plugins.
Preloading 0 native plugins for Editor in 0.00 ms.
Mono: successfully reloaded assembly
- Completed reload, in  2.533 seconds
Platform modules already initialized, skipping
Refreshing native plugins compatible for Editor in 0.67 ms, found 1 plugins.
Preloading 0 native plugins for Editor in 0.00 ms.
Unloading 1806 Unused Serialized files (Serialized files now loaded: 0)
System memory in use before: 90.9 MB.
System memory in use after: 90.8 MB.

Unloading 12 unused Assets to reduce memory usage. Loaded Objects now: 2334.
Total: 4.841600 ms (FindLiveObjects: 0.416700 ms CreateObjectMapping: 0.164900 ms MarkObjects: 3.981800 ms  DeleteObjects: 0.275000 ms)

========================================================================
Received Prepare
Registering precompiled user dll's ...
Registered in 0.005878 seconds.
Begin MonoManager ReloadAssembly
Native extension for WindowsStandalone target not found
Refreshing native plugins compatible for Editor in 0.81 ms, found 1 plugins.
Preloading 0 native plugins for Editor in 0.00 ms.
Mono: successfully reloaded assembly
- Completed reload, in  2.666 seconds
Platform modules already initialized, skipping
Refreshing native plugins compatible for Editor in 0.73 ms, found 1 plugins.
Preloading 0 native plugins for Editor in 0.00 ms.
Unloading 1806 Unused Serialized files (Serialized files now loaded: 0)
System memory in use before: 90.9 MB.
System memory in use after: 90.9 MB.

Unloading 12 unused Assets to reduce memory usage. Loaded Objects now: 2338.
Total: 4.939300 ms (FindLiveObjects: 0.421900 ms CreateObjectMapping: 0.166100 ms MarkObjects: 4.064400 ms  DeleteObjects: 0.283600 ms)

========================================================================
Received Import Request.
  Time since last request: 384.616588 seconds.
  path: Assets/GameManager.cs
  artifactKey: Guid(7301c2d6fe2ef9e40896d5441941b97a) Importer(815301076,1909f56bfc062723c751e8b465ee728b)
Start importing Assets/GameManager.cs using Guid(7301c2d6fe2ef9e40896d5441941b97a) Importer(815301076,1909f56bfc062723c751e8b465ee728b)  -> (artifact id: 'f9e1e0c72aebf8c6c2c3ba27ce4cb4e2') in 0.021492 seconds
  Import took 0.029721 seconds .

========================================================================
Received Import Request.
  Time since last request: 101.594212 seconds.
  path: Assets/MyClass.cs
  artifactKey: Guid(e3a596099c76fbc49b2493115c5c64d4) Importer(815301076,1909f56bfc062723c751e8b465ee728b)
Start importing Assets/MyClass.cs using Guid(e3a596099c76fbc49b2493115c5c64d4) Importer(815301076,1909f56bfc062723c751e8b465ee728b)  -> (artifact id: '699387c4255ad8615c0249cd16c55ae9') in 0.016440 seconds
  Import took 0.025063 seconds .

========================================================================
Received Import Request.
  Time since last request: 0.052764 seconds.
  path: Assets/MyClass.cs
  artifactKey: Guid(e3a596099c76fbc49b2493115c5c64d4) Importer(815301076,1909f56bfc062723c751e8b465ee728b)
Start importing Assets/MyClass.cs using Guid(e3a596099c76fbc49b2493115c5c64d4) Importer(815301076,1909f56bfc062723c751e8b465ee728b)  -> (artifact id: '699387c4255ad8615c0249cd16c55ae9') in 0.018718 seconds
  Import took 0.026790 seconds .

========================================================================
Received Prepare
Registering precompiled user dll's ...
Registered in 0.005036 seconds.
Begin MonoManager ReloadAssembly
Native extension for WindowsStandalone target not found
Refreshing native plugins compatible for Editor in 0.54 ms, found 1 plugins.
Preloading 0 native plugins for Editor in 0.00 ms.
Mono: successfully reloaded assembly
- Completed reload, in  2.716 seconds
Platform modules already initialized, skipping
Refreshing native plugins compatible for Editor in 0.77 ms, found 1 plugins.
Preloading 0 native plugins for Editor in 0.00 ms.
Unloading 1806 Unused Serialized files (Serialized files now loaded: 0)
System memory in use before: 90.9 MB.
System memory in use after: 90.9 MB.

Unloading 12 unused Assets to reduce memory usage. Loaded Objects now: 2342.
Total: 7.398600 ms (FindLiveObjects: 0.485800 ms CreateObjectMapping: 0.205700 ms MarkObjects: 6.218300 ms  DeleteObjects: 0.483900 ms)

========================================================================
Received Prepare
Registering precompiled user dll's ...
Registered in 0.003814 seconds.
Begin MonoManager ReloadAssembly
Native extension for WindowsStandalone target not found
Refreshing native plugins compatible for Editor in 0.82 ms, found 1 plugins.
Preloading 0 native plugins for Editor in 0.00 ms.
Mono: successfully reloaded assembly
- Completed reload, in  2.733 seconds
Platform modules already initialized, skipping
Refreshing native plugins compatible for Editor in 0.95 ms, found 1 plugins.
Preloading 0 native plugins for Editor in 0.00 ms.
Unloading 1806 Unused Serialized files (Serialized files now loaded: 0)
System memory in use before: 90.9 MB.
System memory in use after: 90.9 MB.

Unloading 12 unused Assets to reduce memory usage. Loaded Objects now: 2346.
Total: 5.444600 ms (FindLiveObjects: 0.432700 ms CreateObjectMapping: 0.149600 ms MarkObjects: 4.516700 ms  DeleteObjects: 0.341600 ms)

========================================================================
Received Prepare
Registering precompiled user dll's ...
Registered in 0.003668 seconds.
Begin MonoManager ReloadAssembly
Native extension for WindowsStandalone target not found
Refreshing native plugins compatible for Editor in 0.71 ms, found 1 plugins.
Preloading 0 native plugins for Editor in 0.00 ms.
Mono: successfully reloaded assembly
- Completed reload, in  2.642 seconds
Platform modules already initialized, skipping
Refreshing native plugins compatible for Editor in 0.91 ms, found 1 plugins.
Preloading 0 native plugins for Editor in 0.00 ms.
Unloading 1806 Unused Serialized files (Serialized files now loaded: 0)
System memory in use before: 90.9 MB.
System memory in use after: 90.9 MB.

Unloading 12 unused Assets to reduce memory usage. Loaded Objects now: 2350.
Total: 5.435600 ms (FindLiveObjects: 0.359700 ms CreateObjectMapping: 0.202800 ms MarkObjects: 4.656100 ms  DeleteObjects: 0.214100 ms)

========================================================================
Received Prepare
Registering precompiled user dll's ...
Registered in 0.004269 seconds.
Begin MonoManager ReloadAssembly
Native extension for WindowsStandalone target not found
Refreshing native plugins compatible for Editor in 0.77 ms, found 1 plugins.
Preloading 0 native plugins for Editor in 0.00 ms.
Mono: successfully reloaded assembly
- Completed reload, in  2.688 seconds
Platform modules already initialized, skipping
Refreshing native plugins compatible for Editor in 0.75 ms, found 1 plugins.
Preloading 0 native plugins for Editor in 0.00 ms.
Unloading 1806 Unused Serialized files (Serialized files now loaded: 0)
System memory in use before: 90.9 MB.
System memory in use after: 90.9 MB.

Unloading 12 unused Assets to reduce memory usage. Loaded Objects now: 2354.
Total: 6.257600 ms (FindLiveObjects: 0.643800 ms CreateObjectMapping: 0.279400 ms MarkObjects: 5.044500 ms  DeleteObjects: 0.286400 ms)

========================================================================
Received Prepare
Registering precompiled user dll's ...
Registered in 0.005709 seconds.
Begin MonoManager ReloadAssembly
Native extension for WindowsStandalone target not found
Refreshing native plugins compatible for Editor in 1.35 ms, found 1 plugins.
Preloading 0 native plugins for Editor in 0.00 ms.
Mono: successfully reloaded assembly
- Completed reload, in  3.062 seconds
Platform modules already initialized, skipping
Refreshing native plugins compatible for Editor in 0.78 ms, found 1 plugins.
Preloading 0 native plugins for Editor in 0.00 ms.
Unloading 1806 Unused Serialized files (Serialized files now loaded: 0)
System memory in use before: 90.9 MB.
System memory in use after: 90.9 MB.

Unloading 12 unused Assets to reduce memory usage. Loaded Objects now: 2358.
Total: 7.199500 ms (FindLiveObjects: 0.393200 ms CreateObjectMapping: 0.146600 ms MarkObjects: 6.177600 ms  DeleteObjects: 0.477700 ms)

========================================================================
Received Prepare
Registering precompiled user dll's ...
Registered in 0.004709 seconds.
Begin MonoManager ReloadAssembly
Native extension for WindowsStandalone target not found
Refreshing native plugins compatible for Editor in 0.93 ms, found 1 plugins.
Preloading 0 native plugins for Editor in 0.00 ms.
Mono: successfully reloaded assembly
- Completed reload, in  2.650 seconds
Platform modules already initialized, skipping
Refreshing native plugins compatible for Editor in 0.77 ms, found 1 plugins.
Preloading 0 native plugins for Editor in 0.00 ms.
Unloading 1806 Unused Serialized files (Serialized files now loaded: 0)
System memory in use before: 90.9 MB.
System memory in use after: 90.9 MB.

Unloading 12 unused Assets to reduce memory usage. Loaded Objects now: 2362.
Total: 5.469100 ms (FindLiveObjects: 0.570600 ms CreateObjectMapping: 0.181200 ms MarkObjects: 4.410400 ms  DeleteObjects: 0.302900 ms)

========================================================================
Received Prepare
Registering precompiled user dll's ...
Registered in 0.004402 seconds.
Begin MonoManager ReloadAssembly
Native extension for WindowsStandalone target not found
Refreshing native plugins compatible for Editor in 0.68 ms, found 1 plugins.
Preloading 0 native plugins for Editor in 0.00 ms.
Mono: successfully reloaded assembly
- Completed reload, in  2.637 seconds
Platform modules already initialized, skipping
Refreshing native plugins compatible for Editor in 0.93 ms, found 1 plugins.
Preloading 0 native plugins for Editor in 0.00 ms.
Unloading 1806 Unused Serialized files (Serialized files now loaded: 0)
System memory in use before: 90.9 MB.
System memory in use after: 90.9 MB.

Unloading 12 unused Assets to reduce memory usage. Loaded Objects now: 2366.
Total: 6.326300 ms (FindLiveObjects: 0.377900 ms CreateObjectMapping: 0.182400 ms MarkObjects: 5.403600 ms  DeleteObjects: 0.357900 ms)

========================================================================
Received Prepare
Registering precompiled user dll's ...
Registered in 0.004456 seconds.
Begin MonoManager ReloadAssembly
Native extension for WindowsStandalone target not found
Refreshing native plugins compatible for Editor in 0.88 ms, found 1 plugins.
Preloading 0 native plugins for Editor in 0.00 ms.
Mono: successfully reloaded assembly
- Completed reload, in  2.763 seconds
Platform modules already initialized, skipping
Refreshing native plugins compatible for Editor in 0.94 ms, found 1 plugins.
Preloading 0 native plugins for Editor in 0.00 ms.
Unloading 1806 Unused Serialized files (Serialized files now loaded: 0)
System memory in use before: 91.0 MB.
System memory in use after: 90.9 MB.

Unloading 12 unused Assets to reduce memory usage. Loaded Objects now: 2370.
Total: 5.236600 ms (FindLiveObjects: 0.470100 ms CreateObjectMapping: 0.163700 ms MarkObjects: 4.300000 ms  DeleteObjects: 0.281000 ms)

========================================================================
Received Prepare
Registering precompiled user dll's ...
Registered in 0.004449 seconds.
Begin MonoManager ReloadAssembly
Native extension for WindowsStandalone target not found
Refreshing native plugins compatible for Editor in 0.82 ms, found 1 plugins.
Preloading 0 native plugins for Editor in 0.00 ms.
Mono: successfully reloaded assembly
- Completed reload, in  2.678 seconds
Platform modules already initialized, skipping
Refreshing native plugins compatible for Editor in 0.89 ms, found 1 plugins.
Preloading 0 native plugins for Editor in 0.00 ms.
Unloading 1806 Unused Serialized files (Serialized files now loaded: 0)
System memory in use before: 91.0 MB.
System memory in use after: 90.9 MB.

Unloading 12 unused Assets to reduce memory usage. Loaded Objects now: 2374.
Total: 5.922800 ms (FindLiveObjects: 0.410100 ms CreateObjectMapping: 0.134900 ms MarkObjects: 4.993300 ms  DeleteObjects: 0.379700 ms)

========================================================================
Received Prepare
Registering precompiled user dll's ...
Registered in 0.003996 seconds.
Begin MonoManager ReloadAssembly
Native extension for WindowsStandalone target not found
Refreshing native plugins compatible for Editor in 0.82 ms, found 1 plugins.
Preloading 0 native plugins for Editor in 0.00 ms.
Mono: successfully reloaded assembly
- Completed reload, in  2.686 seconds
Platform modules already initialized, skipping
Refreshing native plugins compatible for Editor in 0.85 ms, found 1 plugins.
Preloading 0 native plugins for Editor in 0.00 ms.
Unloading 1806 Unused Serialized files (Serialized files now loaded: 0)
System memory in use before: 91.0 MB.
System memory in use after: 91.0 MB.

Unloading 12 unused Assets to reduce memory usage. Loaded Objects now: 2378.
Total: 5.401900 ms (FindLiveObjects: 0.394700 ms CreateObjectMapping: 0.136500 ms MarkObjects: 4.544700 ms  DeleteObjects: 0.322400 ms)

========================================================================
Received Prepare
Registering precompiled user dll's ...
Registered in 0.004468 seconds.
Begin MonoManager ReloadAssembly
Native extension for WindowsStandalone target not found
Refreshing native plugins compatible for Editor in 0.79 ms, found 1 plugins.
Preloading 0 native plugins for Editor in 0.00 ms.
Mono: successfully reloaded assembly
- Completed reload, in  2.678 seconds
Platform modules already initialized, skipping
Refreshing native plugins compatible for Editor in 0.71 ms, found 1 plugins.
Preloading 0 native plugins for Editor in 0.00 ms.
Unloading 1806 Unused Serialized files (Serialized files now loaded: 0)
System memory in use before: 91.0 MB.
System memory in use after: 91.0 MB.

Unloading 12 unused Assets to reduce memory usage. Loaded Objects now: 2382.
Total: 5.495700 ms (FindLiveObjects: 0.394700 ms CreateObjectMapping: 0.150000 ms MarkObjects: 4.692800 ms  DeleteObjects: 0.254700 ms)

========================================================================
Received Prepare
Registering precompiled user dll's ...
Registered in 0.005735 seconds.
Begin MonoManager ReloadAssembly
Native extension for WindowsStandalone target not found
Refreshing native plugins compatible for Editor in 0.94 ms, found 1 plugins.
Preloading 0 native plugins for Editor in 0.00 ms.
Mono: successfully reloaded assembly
- Completed reload, in  2.734 seconds
Platform modules already initialized, skipping
Refreshing native plugins compatible for Editor in 0.81 ms, found 1 plugins.
Preloading 0 native plugins for Editor in 0.00 ms.
Unloading 1806 Unused Serialized files (Serialized files now loaded: 0)
System memory in use before: 91.0 MB.
System memory in use after: 91.0 MB.

Unloading 12 unused Assets to reduce memory usage. Loaded Objects now: 2386.
Total: 5.544900 ms (FindLiveObjects: 0.472100 ms CreateObjectMapping: 0.193900 ms MarkObjects: 4.576000 ms  DeleteObjects: 0.300000 ms)

========================================================================
Received Prepare
Registering precompiled user dll's ...
Registered in 0.005451 seconds.
Begin MonoManager ReloadAssembly
Native extension for WindowsStandalone target not found
Refreshing native plugins compatible for Editor in 0.98 ms, found 1 plugins.
Preloading 0 native plugins for Editor in 0.00 ms.
Mono: successfully reloaded assembly
- Completed reload, in  2.789 seconds
Platform modules already initialized, skipping
Refreshing native plugins compatible for Editor in 0.83 ms, found 1 plugins.
Preloading 0 native plugins for Editor in 0.00 ms.
Unloading 1806 Unused Serialized files (Serialized files now loaded: 0)
System memory in use before: 91.0 MB.
System memory in use after: 91.0 MB.

Unloading 12 unused Assets to reduce memory usage. Loaded Objects now: 2390.
Total: 7.622100 ms (FindLiveObjects: 0.625900 ms CreateObjectMapping: 0.301900 ms MarkObjects: 6.259300 ms  DeleteObjects: 0.430300 ms)

========================================================================
Received Prepare
Registering precompiled user dll's ...
Registered in 0.003824 seconds.
Begin MonoManager ReloadAssembly
Native extension for WindowsStandalone target not found
Refreshing native plugins compatible for Editor in 0.73 ms, found 1 plugins.
Preloading 0 native plugins for Editor in 0.00 ms.
Mono: successfully reloaded assembly
- Completed reload, in  2.593 seconds
Platform modules already initialized, skipping
Refreshing native plugins compatible for Editor in 0.82 ms, found 1 plugins.
Preloading 0 native plugins for Editor in 0.00 ms.
Unloading 1806 Unused Serialized files (Serialized files now loaded: 0)
System memory in use before: 91.0 MB.
System memory in use after: 91.0 MB.

Unloading 12 unused Assets to reduce memory usage. Loaded Objects now: 2394.
Total: 4.721000 ms (FindLiveObjects: 0.549600 ms CreateObjectMapping: 0.221000 ms MarkObjects: 3.672800 ms  DeleteObjects: 0.273800 ms)

========================================================================
Received Prepare
Registering precompiled user dll's ...
Registered in 0.005430 seconds.
Begin MonoManager ReloadAssembly
Native extension for WindowsStandalone target not found
Refreshing native plugins compatible for Editor in 0.83 ms, found 1 plugins.
Preloading 0 native plugins for Editor in 0.00 ms.
Mono: successfully reloaded assembly
- Completed reload, in  3.120 seconds
Platform modules already initialized, skipping
Refreshing native plugins compatible for Editor in 1.18 ms, found 1 plugins.
Preloading 0 native plugins for Editor in 0.00 ms.
Unloading 1806 Unused Serialized files (Serialized files now loaded: 0)
System memory in use before: 91.0 MB.
System memory in use after: 91.0 MB.

Unloading 12 unused Assets to reduce memory usage. Loaded Objects now: 2398.
Total: 7.383900 ms (FindLiveObjects: 0.388500 ms CreateObjectMapping: 0.148100 ms MarkObjects: 6.391900 ms  DeleteObjects: 0.449700 ms)

========================================================================
Received Prepare
Registering precompiled user dll's ...
Registered in 0.006166 seconds.
Begin MonoManager ReloadAssembly
Native extension for WindowsStandalone target not found
Refreshing native plugins compatible for Editor in 0.77 ms, found 1 plugins.
Preloading 0 native plugins for Editor in 0.00 ms.
Mono: successfully reloaded assembly
- Completed reload, in  2.634 seconds
Platform modules already initialized, skipping
Refreshing native plugins compatible for Editor in 0.83 ms, found 1 plugins.
Preloading 0 native plugins for Editor in 0.00 ms.
Unloading 1806 Unused Serialized files (Serialized files now loaded: 0)
System memory in use before: 91.0 MB.
System memory in use after: 91.0 MB.

Unloading 12 unused Assets to reduce memory usage. Loaded Objects now: 2402.
Total: 5.117500 ms (FindLiveObjects: 0.350500 ms CreateObjectMapping: 0.200300 ms MarkObjects: 4.243700 ms  DeleteObjects: 0.320000 ms)

========================================================================
Received Prepare
Registering precompiled user dll's ...
Registered in 0.004611 seconds.
Begin MonoManager ReloadAssembly
Native extension for WindowsStandalone target not found
Refreshing native plugins compatible for Editor in 0.74 ms, found 1 plugins.
Preloading 0 native plugins for Editor in 0.00 ms.
Mono: successfully reloaded assembly
- Completed reload, in  2.745 seconds
Platform modules already initialized, skipping
Refreshing native plugins compatible for Editor in 0.79 ms, found 1 plugins.
Preloading 0 native plugins for Editor in 0.00 ms.
Unloading 1806 Unused Serialized files (Serialized files now loaded: 0)
System memory in use before: 91.1 MB.
System memory in use after: 91.0 MB.

Unloading 12 unused Assets to reduce memory usage. Loaded Objects now: 2406.
Total: 5.631200 ms (FindLiveObjects: 0.414600 ms CreateObjectMapping: 0.160500 ms MarkObjects: 4.769600 ms  DeleteObjects: 0.283300 ms)

========================================================================
Received Prepare
Registering precompiled user dll's ...
Registered in 0.005483 seconds.
Begin MonoManager ReloadAssembly
Native extension for WindowsStandalone target not found
Refreshing native plugins compatible for Editor in 0.79 ms, found 1 plugins.
Preloading 0 native plugins for Editor in 0.00 ms.
Mono: successfully reloaded assembly
- Completed reload, in  2.932 seconds
Platform modules already initialized, skipping
Refreshing native plugins compatible for Editor in 0.77 ms, found 1 plugins.
Preloading 0 native plugins for Editor in 0.00 ms.
Unloading 1806 Unused Serialized files (Serialized files now loaded: 0)
System memory in use before: 91.1 MB.
System memory in use after: 91.0 MB.

Unloading 12 unused Assets to reduce memory usage. Loaded Objects now: 2410.
Total: 6.015500 ms (FindLiveObjects: 0.520800 ms CreateObjectMapping: 0.161000 ms MarkObjects: 4.995600 ms  DeleteObjects: 0.333600 ms)

========================================================================
Received Prepare
Registering precompiled user dll's ...
Registered in 0.005515 seconds.
Begin MonoManager ReloadAssembly
Native extension for WindowsStandalone target not found
Refreshing native plugins compatible for Editor in 0.79 ms, found 1 plugins.
Preloading 0 native plugins for Editor in 0.00 ms.
Mono: successfully reloaded assembly
- Completed reload, in  2.671 seconds
Platform modules already initialized, skipping
Refreshing native plugins compatible for Editor in 0.77 ms, found 1 plugins.
Preloading 0 native plugins for Editor in 0.00 ms.
Unloading 1806 Unused Serialized files (Serialized files now loaded: 0)
System memory in use before: 91.1 MB.
System memory in use after: 91.0 MB.

Unloading 12 unused Assets to reduce memory usage. Loaded Objects now: 2414.
Total: 5.941400 ms (FindLiveObjects: 0.552400 ms CreateObjectMapping: 0.160700 ms MarkObjects: 4.922600 ms  DeleteObjects: 0.301800 ms)

========================================================================
Received Prepare
Registering precompiled user dll's ...
Registered in 0.005948 seconds.
Begin MonoManager ReloadAssembly
Native extension for WindowsStandalone target not found
Refreshing native plugins compatible for Editor in 0.78 ms, found 1 plugins.
Preloading 0 native plugins for Editor in 0.00 ms.
Mono: successfully reloaded assembly
- Completed reload, in  2.781 seconds
Platform modules already initialized, skipping
Refreshing native plugins compatible for Editor in 0.87 ms, found 1 plugins.
Preloading 0 native plugins for Editor in 0.00 ms.
Unloading 1806 Unused Serialized files (Serialized files now loaded: 0)
System memory in use before: 91.1 MB.
System memory in use after: 91.1 MB.

Unloading 12 unused Assets to reduce memory usage. Loaded Objects now: 2418.
Total: 5.463800 ms (FindLiveObjects: 0.614000 ms CreateObjectMapping: 0.275900 ms MarkObjects: 4.277900 ms  DeleteObjects: 0.292500 ms)

========================================================================
Received Prepare
Registering precompiled user dll's ...
Registered in 0.004632 seconds.
Begin MonoManager ReloadAssembly
Native extension for WindowsStandalone target not found
Refreshing native plugins compatible for Editor in 0.82 ms, found 1 plugins.
Preloading 0 native plugins for Editor in 0.00 ms.
Mono: successfully reloaded assembly
- Completed reload, in  2.719 seconds
Platform modules already initialized, skipping
Refreshing native plugins compatible for Editor in 0.75 ms, found 1 plugins.
Preloading 0 native plugins for Editor in 0.00 ms.
Unloading 1806 Unused Serialized files (Serialized files now loaded: 0)
System memory in use before: 91.1 MB.
System memory in use after: 91.1 MB.

Unloading 12 unused Assets to reduce memory usage. Loaded Objects now: 2422.
Total: 5.673300 ms (FindLiveObjects: 0.426500 ms CreateObjectMapping: 0.149100 ms MarkObjects: 4.776700 ms  DeleteObjects: 0.316300 ms)

========================================================================
Received Prepare
Registering precompiled user dll's ...
Registered in 0.005408 seconds.
Begin MonoManager ReloadAssembly
Native extension for WindowsStandalone target not found
Refreshing native plugins compatible for Editor in 0.75 ms, found 1 plugins.
Preloading 0 native plugins for Editor in 0.00 ms.
Mono: successfully reloaded assembly
- Completed reload, in  3.042 seconds
Platform modules already initialized, skipping
Refreshing native plugins compatible for Editor in 0.93 ms, found 1 plugins.
Preloading 0 native plugins for Editor in 0.00 ms.
Unloading 1806 Unused Serialized files (Serialized files now loaded: 0)
System memory in use before: 91.1 MB.
System memory in use after: 91.1 MB.

Unloading 12 unused Assets to reduce memory usage. Loaded Objects now: 2426.
Total: 7.032100 ms (FindLiveObjects: 0.713600 ms CreateObjectMapping: 0.198700 ms MarkObjects: 5.804400 ms  DeleteObjects: 0.308800 ms)

========================================================================
Received Prepare
Registering precompiled user dll's ...
Registered in 0.005874 seconds.
Begin MonoManager ReloadAssembly
Native extension for WindowsStandalone target not found
Refreshing native plugins compatible for Editor in 1.24 ms, found 1 plugins.
Preloading 0 native plugins for Editor in 0.00 ms.
Mono: successfully reloaded assembly
- Completed reload, in  3.807 seconds
Platform modules already initialized, skipping
Refreshing native plugins compatible for Editor in 0.93 ms, found 1 plugins.
Preloading 0 native plugins for Editor in 0.00 ms.
Unloading 1806 Unused Serialized files (Serialized files now loaded: 0)
System memory in use before: 91.1 MB.
System memory in use after: 91.1 MB.

Unloading 12 unused Assets to reduce memory usage. Loaded Objects now: 2430.
Total: 6.089000 ms (FindLiveObjects: 0.436100 ms CreateObjectMapping: 0.167900 ms MarkObjects: 5.064600 ms  DeleteObjects: 0.415500 ms)

========================================================================
Received Prepare
Registering precompiled user dll's ...
Registered in 0.005489 seconds.
Begin MonoManager ReloadAssembly
Native extension for WindowsStandalone target not found
Refreshing native plugins compatible for Editor in 0.81 ms, found 1 plugins.
Preloading 0 native plugins for Editor in 0.00 ms.
Mono: successfully reloaded assembly
- Completed reload, in  3.043 seconds
Platform modules already initialized, skipping
Refreshing native plugins compatible for Editor in 1.25 ms, found 1 plugins.
Preloading 0 native plugins for Editor in 0.00 ms.
Unloading 1806 Unused Serialized files (Serialized files now loaded: 0)
System memory in use before: 91.1 MB.
System memory in use after: 91.1 MB.

Unloading 12 unused Assets to reduce memory usage. Loaded Objects now: 2434.
Total: 5.622400 ms (FindLiveObjects: 0.425800 ms CreateObjectMapping: 0.231000 ms MarkObjects: 4.621400 ms  DeleteObjects: 0.340900 ms)

========================================================================
Received Prepare
Registering precompiled user dll's ...
Registered in 0.005536 seconds.
Begin MonoManager ReloadAssembly
Native extension for WindowsStandalone target not found
Refreshing native plugins compatible for Editor in 0.80 ms, found 1 plugins.
Preloading 0 native plugins for Editor in 0.00 ms.
Mono: successfully reloaded assembly
- Completed reload, in  2.720 seconds
Platform modules already initialized, skipping
Refreshing native plugins compatible for Editor in 0.78 ms, found 1 plugins.
Preloading 0 native plugins for Editor in 0.00 ms.
Unloading 1806 Unused Serialized files (Serialized files now loaded: 0)
System memory in use before: 91.1 MB.
System memory in use after: 91.1 MB.

Unloading 12 unused Assets to reduce memory usage. Loaded Objects now: 2438.
Total: 5.304400 ms (FindLiveObjects: 0.399200 ms CreateObjectMapping: 0.144700 ms MarkObjects: 4.462900 ms  DeleteObjects: 0.291500 ms)

========================================================================
Received Prepare
Registering precompiled user dll's ...
Registered in 0.005639 seconds.
Begin MonoManager ReloadAssembly
Native extension for WindowsStandalone target not found
Refreshing native plugins compatible for Editor in 0.82 ms, found 1 plugins.
Preloading 0 native plugins for Editor in 0.00 ms.
Mono: successfully reloaded assembly
- Completed reload, in  2.630 seconds
Platform modules already initialized, skipping
Refreshing native plugins compatible for Editor in 0.78 ms, found 1 plugins.
Preloading 0 native plugins for Editor in 0.00 ms.
Unloading 1806 Unused Serialized files (Serialized files now loaded: 0)
System memory in use before: 91.1 MB.
System memory in use after: 91.1 MB.

Unloading 12 unused Assets to reduce memory usage. Loaded Objects now: 2442.
Total: 5.061500 ms (FindLiveObjects: 0.367600 ms CreateObjectMapping: 0.175800 ms MarkObjects: 4.187900 ms  DeleteObjects: 0.327400 ms)

========================================================================
Received Prepare
Registering precompiled user dll's ...
Registered in 0.006673 seconds.
Begin MonoManager ReloadAssembly
Native extension for WindowsStandalone target not found
Refreshing native plugins compatible for Editor in 0.91 ms, found 1 plugins.
Preloading 0 native plugins for Editor in 0.00 ms.
Mono: successfully reloaded assembly
- Completed reload, in  3.234 seconds
Platform modules already initialized, skipping
Refreshing native plugins compatible for Editor in 0.83 ms, found 1 plugins.
Preloading 0 native plugins for Editor in 0.00 ms.
Unloading 1806 Unused Serialized files (Serialized files now loaded: 0)
System memory in use before: 91.1 MB.
System memory in use after: 91.1 MB.

Unloading 12 unused Assets to reduce memory usage. Loaded Objects now: 2446.
Total: 7.428900 ms (FindLiveObjects: 0.910200 ms CreateObjectMapping: 0.277100 ms MarkObjects: 5.646200 ms  DeleteObjects: 0.590700 ms)

AssetImportWorkerClient::OnTransportError - code=2 error=End of file
